<?xml version="1.0" encoding="UTF-8"?>
<!-- Generated by org.testng.reporters.JUnitXMLReporter -->
<testsuite hostname="123mm" ignored="7" name="Sanity" tests="3" failures="1" timestamp="21 Oct 2020 01:41:19 GMT" time="88.427" errors="0">
  <testcase name="loginTest" time="6.736" classname="com.mystore.testcases.LoginPageTest">
    <failure type="java.lang.AssertionError" message="expected [http://automationpractice.com/index.php?controller=my-account] but found [http://automationpractice.com/index.php?controller=authentication&amp;amp;back=my-account]">
      <![CDATA[java.lang.AssertionError: expected [http://automationpractice.com/index.php?controller=my-account] but found [http://automationpractice.com/index.php?controller=authentication&back=my-account]
	at com.mystore.testcases.LoginPageTest.loginTest(LoginPageTest.java:43)
... Removed 31 stack frames]]>
    </failure>
  </testcase> <!-- loginTest -->
  <testcase name="addToCartTest" time="17.838" classname="com.mystore.testcases.AddToCartPageTest"/>
  <testcase name="verifyCreateAccountPageTest" time="6.329" classname="com.mystore.testcases.AccountCreartionpageTest"/>
  <testcase name="wishListTest" time="0.0" classname="com.mystore.testcases.HomePageTest">
    <ignored/>
  </testcase> <!-- wishListTest -->
  <testcase name="verifyTotalPrice" time="0.0" classname="com.mystore.testcases.OrderPageTest">
    <ignored/>
  </testcase> <!-- verifyTotalPrice -->
  <testcase name="verifyLogo" time="0.0" classname="com.mystore.testcases.IndexPageTest">
    <ignored/>
  </testcase> <!-- verifyLogo -->
  <testcase name="productAvialabilityTest" time="0.0" classname="com.mystore.testcases.SearchResultPageTest">
    <ignored/>
  </testcase> <!-- productAvialabilityTest -->
  <testcase name="verifyTitle" time="0.0" classname="com.mystore.testcases.IndexPageTest">
    <ignored/>
  </testcase> <!-- verifyTitle -->
  <testcase name="orderHistoryTest" time="0.0" classname="com.mystore.testcases.HomePageTest">
    <ignored/>
  </testcase> <!-- orderHistoryTest -->
  <testcase name="endToEndTest" time="0.0" classname="com.mystore.testcases.EndToEndTest">
    <ignored/>
  </testcase> <!-- endToEndTest -->
</testsuite> <!-- Sanity -->
