<?xml version="1.0" encoding="UTF-8"?>
<!-- Generated by org.testng.reporters.JUnitXMLReporter -->
<testsuite hostname="123mm" ignored="0" name="HomePage" tests="2" failures="0" timestamp="21 Oct 2020 23:07:18 GMT" time="3.708" errors="0">
  <testcase name="@BeforeMethod setup" time="3.583" classname="com.mystore.testcases.IndexPageTest">
    <failure type="org.openqa.selenium.WebDriverException" message="unknown error: cannot find Chrome binary
Build info: version: &amp;apos;3.6.0&amp;apos;, revision: &amp;apos;6fbf3ec767&amp;apos;, time: &amp;apos;2017-09-27T15:28:36.4Z&amp;apos;
System info: host: &amp;apos;123MM&amp;apos;, ip: &amp;apos;192.168.160.1&amp;apos;, os.name: &amp;apos;Windows 8.1&amp;apos;, os.arch: &amp;apos;amd64&amp;apos;, os.version: &amp;apos;6.3&amp;apos;, java.version: &amp;apos;1.8.0_181&amp;apos;
Driver info: driver.version: ChromeDriver
remote stacktrace: Backtrace:
	Ordinal0 [0x010987E3+2852835]
	Ordinal0 [0x00F85BB1+1727409]
	Ordinal0 [0x00E5E4B9+517305]
	Ordinal0 [0x00DECA98+51864]
	Ordinal0 [0x00E0D9F7+186871]
	Ordinal0 [0x00E0D7FD+186365]
	Ordinal0 [0x00E0B70B+177931]
	Ordinal0 [0x00DF2584+75140]
	Ordinal0 [0x00DF3650+79440]
	Ordinal0 [0x00DF35E9+79337]
	Ordinal0 [0x00F9AD5C+1813852]
	GetHandleVerifier [0x011BC616+1075574]
	GetHandleVerifier [0x011BC367+1074887]
	GetHandleVerifier [0x011C7497+1120247]
	GetHandleVerifier [0x011BCC16+1077110]
	Ordinal0 [0x00F93206+1782278]
	Ordinal0 [0x00F9C3BB+1819579]
	Ordinal0 [0x00F9C523+1819939]
	Ordinal0 [0x00FB2B45+1911621]
	BaseThreadInitThunk [0x76996A14+36]
	RtlInitializeExceptionChain [0x7755AB4F+143]
	RtlInitializeExceptionChain [0x7755AB1A+90]
">
      <![CDATA[org.openqa.selenium.WebDriverException: unknown error: cannot find Chrome binary
Build info: version: '3.6.0', revision: '6fbf3ec767', time: '2017-09-27T15:28:36.4Z'
System info: host: '123MM', ip: '192.168.160.1', os.name: 'Windows 8.1', os.arch: 'amd64', os.version: '6.3', java.version: '1.8.0_181'
Driver info: driver.version: ChromeDriver
remote stacktrace: Backtrace:
	Ordinal0 [0x010987E3+2852835]
	Ordinal0 [0x00F85BB1+1727409]
	Ordinal0 [0x00E5E4B9+517305]
	Ordinal0 [0x00DECA98+51864]
	Ordinal0 [0x00E0D9F7+186871]
	Ordinal0 [0x00E0D7FD+186365]
	Ordinal0 [0x00E0B70B+177931]
	Ordinal0 [0x00DF2584+75140]
	Ordinal0 [0x00DF3650+79440]
	Ordinal0 [0x00DF35E9+79337]
	Ordinal0 [0x00F9AD5C+1813852]
	GetHandleVerifier [0x011BC616+1075574]
	GetHandleVerifier [0x011BC367+1074887]
	GetHandleVerifier [0x011C7497+1120247]
	GetHandleVerifier [0x011BCC16+1077110]
	Ordinal0 [0x00F93206+1782278]
	Ordinal0 [0x00F9C3BB+1819579]
	Ordinal0 [0x00F9C523+1819939]
	Ordinal0 [0x00FB2B45+1911621]
	BaseThreadInitThunk [0x76996A14+36]
	RtlInitializeExceptionChain [0x7755AB4F+143]
	RtlInitializeExceptionChain [0x7755AB1A+90]

	at org.openqa.selenium.remote.W3CHandshakeResponse.lambda$new$0(W3CHandshakeResponse.java:57)
	at org.openqa.selenium.remote.W3CHandshakeResponse.lambda$getResponseFunction$2(W3CHandshakeResponse.java:104)
	at org.openqa.selenium.remote.ProtocolHandshake.lambda$createSession$24(ProtocolHandshake.java:359)
	at java.util.stream.ReferencePipeline$3$1.accept(ReferencePipeline.java:193)
	at java.util.Spliterators$ArraySpliterator.tryAdvance(Spliterators.java:958)
	at java.util.stream.ReferencePipeline.forEachWithCancel(ReferencePipeline.java:126)
	at java.util.stream.AbstractPipeline.copyIntoWithCancel(AbstractPipeline.java:498)
	at java.util.stream.AbstractPipeline.copyInto(AbstractPipeline.java:485)
	at java.util.stream.AbstractPipeline.wrapAndCopyInto(AbstractPipeline.java:471)
	at java.util.stream.FindOps$FindOp.evaluateSequential(FindOps.java:152)
	at java.util.stream.AbstractPipeline.evaluate(AbstractPipeline.java:234)
	at java.util.stream.ReferencePipeline.findFirst(ReferencePipeline.java:464)
	at org.openqa.selenium.remote.ProtocolHandshake.createSession(ProtocolHandshake.java:362)
	at org.openqa.selenium.remote.ProtocolHandshake.createSession(ProtocolHandshake.java:136)
	at org.openqa.selenium.remote.HttpCommandExecutor.execute(HttpCommandExecutor.java:142)
	at org.openqa.selenium.remote.service.DriverCommandExecutor.execute(DriverCommandExecutor.java:83)
	at org.openqa.selenium.remote.RemoteWebDriver.execute(RemoteWebDriver.java:586)
	at org.openqa.selenium.remote.RemoteWebDriver.startSession(RemoteWebDriver.java:217)
	at org.openqa.selenium.remote.RemoteWebDriver.<init>(RemoteWebDriver.java:140)
	at org.openqa.selenium.chrome.ChromeDriver.<init>(ChromeDriver.java:181)
	at org.openqa.selenium.chrome.ChromeDriver.<init>(ChromeDriver.java:168)
	at org.openqa.selenium.chrome.ChromeDriver.<init>(ChromeDriver.java:123)
	at com.mystore.base.BaseClass.initializeDriver(BaseClass.java:24)
	at com.mystore.testcases.IndexPageTest.setup(IndexPageTest.java:28)
	at java.util.concurrent.FutureTask.run(FutureTask.java:266)
	at java.util.concurrent.ThreadPoolExecutor.runWorker(ThreadPoolExecutor.java:1149)
	at java.util.concurrent.ThreadPoolExecutor$Worker.run(ThreadPoolExecutor.java:624)
	at java.lang.Thread.run(Thread.java:748)
... Removed 22 stack frames]]>
    </failure>
  </testcase> <!-- @BeforeMethod setup -->
  <testcase name="@BeforeMethod setup" time="0.0" classname="com.mystore.testcases.IndexPageTest">
    <skipped/>
  </testcase> <!-- @BeforeMethod setup -->
  <testcase name="verifyLogo" time="0.0" classname="com.mystore.testcases.IndexPageTest">
    <skipped/>
  </testcase> <!-- verifyLogo -->
  <testcase name="verifyTitle" time="0.0" classname="com.mystore.testcases.IndexPageTest">
    <skipped/>
  </testcase> <!-- verifyTitle -->
</testsuite> <!-- HomePage -->
